<?xml version="1.0" encoding="UTF-8"?>
<testng-results ignored="98" total="148" passed="48" failed="2" skipped="0">
  <reporter-output>
    <line>
      <![CDATA[设置联系方式]]>
    </line>
    <line>
      <![CDATA[修改积分规则]]>
    </line>
  </reporter-output>
  <suite started-at="2018-12-05T08:04:55Z" name="s1" finished-at="2018-12-05T08:20:30Z" duration-ms="934842">
    <groups>
    </groups>
    <test started-at="2018-12-05T08:04:55Z" name="test1" finished-at="2018-12-05T08:20:30Z" duration-ms="934842">
      <class name="com.webtest.demo.AddFilesupload">
        <test-method signature="addfupload()[pri:0, instance:com.webtest.demo.AddFilesupload@6574a52c]" started-at="2018-12-05T08:19:15Z" name="addfupload" finished-at="2018-12-05T08:19:32Z" duration-ms="16189" status="PASS">
          <reporter-output>
          </reporter-output>
        </test-method> <!-- addfupload -->
      </class> <!-- com.webtest.demo.AddFilesupload -->
      <class name="com.webtest.demo.AddWhitelist">
        <test-method signature="addWlist()[pri:0, instance:com.webtest.demo.AddWhitelist@70e9c95d]" started-at="2018-12-05T08:09:00Z" name="addWlist" finished-at="2018-12-05T08:09:04Z" duration-ms="4278" status="PASS">
          <reporter-output>
          </reporter-output>
        </test-method> <!-- addWlist -->
      </class> <!-- com.webtest.demo.AddWhitelist -->
      <class name="com.webtest.demo.Send">
        <test-method signature="send()[pri:0, instance:com.webtest.demo.Send@229c6181]" started-at="2018-12-05T08:14:50Z" name="send" finished-at="2018-12-05T08:15:12Z" duration-ms="22013" status="PASS">
          <reporter-output>
          </reporter-output>
        </test-method> <!-- send -->
      </class> <!-- com.webtest.demo.Send -->
      <class name="com.webtest.demo.AddSecuritycode">
        <test-method signature="addscode()[pri:0, instance:com.webtest.demo.AddSecuritycode@1ffaf86]" started-at="2018-12-05T08:19:04Z" name="addscode" finished-at="2018-12-05T08:19:15Z" duration-ms="11207" status="PASS">
          <reporter-output>
          </reporter-output>
        </test-method> <!-- addscode -->
      </class> <!-- com.webtest.demo.AddSecuritycode -->
      <class name="com.webtest.demo.SetAddressType">
        <test-method signature="setAddtype()[pri:0, instance:com.webtest.demo.SetAddressType@4686afc2]" started-at="2018-12-05T08:15:12Z" name="setAddtype" finished-at="2018-12-05T08:15:26Z" duration-ms="14615" status="PASS">
          <reporter-output>
          </reporter-output>
        </test-method> <!-- setAddtype -->
      </class> <!-- com.webtest.demo.SetAddressType -->
      <class name="com.webtest.demo.KeyWords">
        <test-method signature="keywords()[pri:0, instance:com.webtest.demo.KeyWords@5824a83d]" started-at="2018-12-05T08:12:47Z" name="keywords" finished-at="2018-12-05T08:12:56Z" duration-ms="8588" status="PASS">
          <reporter-output>
          </reporter-output>
        </test-method> <!-- keywords -->
      </class> <!-- com.webtest.demo.KeyWords -->
      <class name="com.webtest.demo.MemberBonusPoints">
        <test-method signature="member()[pri:0, instance:com.webtest.demo.MemberBonusPoints@5677323c]" started-at="2018-12-05T08:13:21Z" name="member" finished-at="2018-12-05T08:13:36Z" duration-ms="14758" status="PASS">
          <reporter-output>
          </reporter-output>
        </test-method> <!-- member -->
      </class> <!-- com.webtest.demo.MemberBonusPoints -->
      <class name="com.webtest.demo.AddScoreRule">
        <test-method signature="addRule()[pri:0, instance:com.webtest.demo.AddScoreRule@5d534f5d]" started-at="2018-12-05T08:08:31Z" name="addRule" finished-at="2018-12-05T08:08:41Z" duration-ms="9694" status="PASS">
          <reporter-output>
            <line>
              <![CDATA[修改积分规则]]>
            </line>
          </reporter-output>
        </test-method> <!-- addRule -->
      </class> <!-- com.webtest.demo.AddScoreRule -->
      <class name="com.webtest.demo.AddSetting">
        <test-method signature="addset()[pri:0, instance:com.webtest.demo.AddSetting@6c1a5b54]" started-at="2018-12-05T08:19:32Z" name="addset" finished-at="2018-12-05T08:19:47Z" duration-ms="15754" status="PASS">
          <reporter-output>
          </reporter-output>
        </test-method> <!-- addset -->
      </class> <!-- com.webtest.demo.AddSetting -->
      <class name="com.webtest.demo.Front_Resigh_Cz">
        <test-method signature="frontresighter()[pri:0, instance:com.webtest.demo.Front_Resigh_Cz@1e6a3214]" started-at="2018-12-05T08:20:27Z" name="frontresighter" finished-at="2018-12-05T08:20:30Z" duration-ms="3231" status="PASS">
          <reporter-output>
          </reporter-output>
        </test-method> <!-- frontresighter -->
      </class> <!-- com.webtest.demo.Front_Resigh_Cz -->
      <class name="com.webtest.demo.Backups">
        <test-method signature="backups()[pri:0, instance:com.webtest.demo.Backups@a38c7fe]" started-at="2018-12-05T08:09:19Z" name="backups" finished-at="2018-12-05T08:09:39Z" duration-ms="19196" status="PASS">
          <reporter-output>
          </reporter-output>
        </test-method> <!-- backups -->
      </class> <!-- com.webtest.demo.Backups -->
      <class name="com.webtest.demo.add_Single1">
        <test-method signature="single()[pri:0, instance:com.webtest.demo.add_Single1@534a5a98]" started-at="2018-12-05T08:06:13Z" name="single" finished-at="2018-12-05T08:06:33Z" duration-ms="20061" status="PASS">
          <reporter-output>
          </reporter-output>
        </test-method> <!-- single -->
      </class> <!-- com.webtest.demo.add_Single1 -->
      <class name="com.webtest.demo.SetDomainName">
        <test-method signature="setDomainname()[pri:0, instance:com.webtest.demo.SetDomainName@f09733f]" started-at="2018-12-05T08:16:42Z" name="setDomainname" finished-at="2018-12-05T08:16:49Z" duration-ms="7777" status="PASS">
          <reporter-output>
          </reporter-output>
        </test-method> <!-- setDomainname -->
      </class> <!-- com.webtest.demo.SetDomainName -->
      <class name="com.webtest.demo.Front_Login_Cz">
        <test-method signature="frontlogin()[pri:0, instance:com.webtest.demo.Front_Login_Cz@20140db9]" started-at="2018-12-05T08:20:25Z" name="frontlogin" finished-at="2018-12-05T08:20:27Z" duration-ms="2348" status="PASS">
          <reporter-output>
          </reporter-output>
        </test-method> <!-- frontlogin -->
      </class> <!-- com.webtest.demo.Front_Login_Cz -->
      <class name="com.webtest.demo.PlateManage">
        <test-method signature="plate()[pri:0, instance:com.webtest.demo.PlateManage@18df8434]" started-at="2018-12-05T08:13:36Z" name="plate" finished-at="2018-12-05T08:14:01Z" duration-ms="25339" status="PASS">
          <reporter-output>
          </reporter-output>
        </test-method> <!-- plate -->
      </class> <!-- com.webtest.demo.PlateManage -->
      <class name="com.webtest.demo.add_Essay1">
        <test-method signature="addessay()[pri:0, instance:com.webtest.demo.add_Essay1@5a45133e]" started-at="2018-12-05T08:05:40Z" name="addessay" finished-at="2018-12-05T08:06:13Z" duration-ms="32672" status="PASS">
          <reporter-output>
          </reporter-output>
        </test-method> <!-- addessay -->
      </class> <!-- com.webtest.demo.add_Essay1 -->
      <class name="com.webtest.demo.SetSecurity">
        <test-method signature="setSecurity()[pri:0, instance:com.webtest.demo.SetSecurity@41a0aa7d]" started-at="2018-12-05T08:17:01Z" name="setSecurity" finished-at="2018-12-05T08:17:45Z" duration-ms="43989" status="PASS">
          <reporter-output>
          </reporter-output>
        </test-method> <!-- setSecurity -->
      </class> <!-- com.webtest.demo.SetSecurity -->
      <class name="com.webtest.demo.Blog">
        <test-method signature="blog()[pri:0, instance:com.webtest.demo.Blog@1ed6388a]" started-at="2018-12-05T08:05:12Z" name="blog" finished-at="2018-12-05T08:05:40Z" duration-ms="27841" status="PASS">
          <reporter-output>
          </reporter-output>
        </test-method> <!-- blog -->
      </class> <!-- com.webtest.demo.Blog -->
      <class name="com.webtest.demo.FlowStatistics">
        <test-method signature="flow()[pri:0, instance:com.webtest.demo.FlowStatistics@3012646b]" started-at="2018-12-05T08:11:10Z" name="flow" finished-at="2018-12-05T08:11:26Z" duration-ms="15339" status="PASS">
          <reporter-output>
          </reporter-output>
        </test-method> <!-- flow -->
      </class> <!-- com.webtest.demo.FlowStatistics -->
      <class name="com.webtest.demo.BlogClass">
        <test-method signature="aclass()[pri:0, instance:com.webtest.demo.BlogClass@2e6a8155]" started-at="2018-12-05T08:10:16Z" name="aclass" finished-at="2018-12-05T08:10:35Z" duration-ms="18963" status="PASS">
          <reporter-output>
          </reporter-output>
        </test-method> <!-- aclass -->
      </class> <!-- com.webtest.demo.BlogClass -->
      <class name="com.webtest.demo.Yuming">
        <test-method signature="yuming()[pri:0, instance:com.webtest.demo.Yuming@45099dd3]" started-at="2018-12-05T08:18:23Z" name="yuming" finished-at="2018-12-05T08:18:41Z" duration-ms="18574" status="PASS">
          <reporter-output>
          </reporter-output>
        </test-method> <!-- yuming -->
      </class> <!-- com.webtest.demo.Yuming -->
      <class name="com.webtest.demo.AddJs">
        <test-method signature="addJs()[pri:0, instance:com.webtest.demo.AddJs@5e600dd5]" started-at="2018-12-05T08:08:12Z" name="addJs" finished-at="2018-12-05T08:08:30Z" duration-ms="18441" status="PASS">
          <reporter-output>
          </reporter-output>
        </test-method> <!-- addJs -->
      </class> <!-- com.webtest.demo.AddJs -->
      <class name="com.webtest.demo.Groups">
        <test-method signature="group()[pri:0, instance:com.webtest.demo.Groups@25641d39]" started-at="2018-12-05T08:11:51Z" name="group" finished-at="2018-12-05T08:12:13Z" duration-ms="22384" status="PASS">
          <reporter-output>
          </reporter-output>
        </test-method> <!-- group -->
      </class> <!-- com.webtest.demo.Groups -->
      <class name="com.webtest.demo.Registration">
        <test-method signature="registration()[pri:0, instance:com.webtest.demo.Registration@4d154ccd]" started-at="2018-12-05T08:14:31Z" name="registration" finished-at="2018-12-05T08:14:50Z" duration-ms="18743" status="PASS">
          <reporter-output>
          </reporter-output>
        </test-method> <!-- registration -->
      </class> <!-- com.webtest.demo.Registration -->
      <class name="com.webtest.demo.SetAdministrator">
        <test-method signature="setAdmin()[pri:0, instance:com.webtest.demo.SetAdministrator@1e0b4072]" started-at="2018-12-05T08:15:26Z" name="setAdmin" finished-at="2018-12-05T08:15:45Z" duration-ms="18682" status="PASS">
          <reporter-output>
          </reporter-output>
        </test-method> <!-- setAdmin -->
      </class> <!-- com.webtest.demo.SetAdministrator -->
      <class name="com.webtest.demo.MaintainClass">
        <test-method signature="maintanClass()[pri:0, instance:com.webtest.demo.MaintainClass@576d5deb]" started-at="2018-12-05T08:08:30Z" name="maintanClass" finished-at="2018-12-05T08:08:31Z" duration-ms="1026" status="FAIL">
          <exception class="org.openqa.selenium.ElementNotInteractableException">
            <message>
              <![CDATA[
Build info: version: '3.6.0', revision: '6fbf3ec767', time: '2017-09-27T16:15:40.131Z'
System info: host: 'DESKTOP-BCVV7R2', ip: '169.254.216.16', os.name: 'Windows 10', os.arch: 'amd64', os.version: '10.0', java.version: '9.0.4'
Driver info: org.openqa.selenium.firefox.FirefoxDriver
Capabilities [{moz:profile=C:\Users\ASUS\AppData\Local\Temp\rust_mozprofile.1N4HzeUfDczT, rotatable=false, timeouts={implicit=0, pageLoad=300000, script=30000}, pageLoadStrategy=normal, moz:headless=false, platform=XP, specificationLevel=0, moz:accessibilityChecks=false, acceptInsecureCerts=true, browserVersion=56.0, platformVersion=10.0, moz:processID=9232, browserName=firefox, javascriptEnabled=true, platformName=XP}]
Session ID: 67c18029-7125-4eeb-b7ce-49ea5465fa35]]>
            </message>
            <full-stacktrace>
              <![CDATA[org.openqa.selenium.ElementNotInteractableException: 
Build info: version: '3.6.0', revision: '6fbf3ec767', time: '2017-09-27T16:15:40.131Z'
System info: host: 'DESKTOP-BCVV7R2', ip: '169.254.216.16', os.name: 'Windows 10', os.arch: 'amd64', os.version: '10.0', java.version: '9.0.4'
Driver info: org.openqa.selenium.firefox.FirefoxDriver
Capabilities [{moz:profile=C:\Users\ASUS\AppData\Local\Temp\rust_mozprofile.1N4HzeUfDczT, rotatable=false, timeouts={implicit=0, pageLoad=300000, script=30000}, pageLoadStrategy=normal, moz:headless=false, platform=XP, specificationLevel=0, moz:accessibilityChecks=false, acceptInsecureCerts=true, browserVersion=56.0, platformVersion=10.0, moz:processID=9232, browserName=firefox, javascriptEnabled=true, platformName=XP}]
Session ID: 67c18029-7125-4eeb-b7ce-49ea5465fa35
at java.base/jdk.internal.reflect.NativeConstructorAccessorImpl.newInstance0(Native Method)
at java.base/jdk.internal.reflect.NativeConstructorAccessorImpl.newInstance(NativeConstructorAccessorImpl.java:62)
at java.base/jdk.internal.reflect.DelegatingConstructorAccessorImpl.newInstance(DelegatingConstructorAccessorImpl.java:45)
at java.base/java.lang.reflect.Constructor.newInstance(Constructor.java:488)
at org.openqa.selenium.remote.http.W3CHttpResponseCodec.createException(W3CHttpResponseCodec.java:185)
at org.openqa.selenium.remote.http.W3CHttpResponseCodec.decode(W3CHttpResponseCodec.java:120)
at org.openqa.selenium.remote.http.W3CHttpResponseCodec.decode(W3CHttpResponseCodec.java:49)
at org.openqa.selenium.remote.HttpCommandExecutor.execute(HttpCommandExecutor.java:164)
at org.openqa.selenium.remote.service.DriverCommandExecutor.execute(DriverCommandExecutor.java:83)
at org.openqa.selenium.remote.RemoteWebDriver.execute(RemoteWebDriver.java:586)
at org.openqa.selenium.remote.RemoteWebElement.execute(RemoteWebElement.java:279)
at org.openqa.selenium.remote.RemoteWebElement.click(RemoteWebElement.java:83)
at com.webtest.core.WebDriverEngine.click(WebDriverEngine.java:141)
at com.webtest.demo.MaintainClass.maintanClass(MaintainClass.java:13)
at java.base/jdk.internal.reflect.NativeMethodAccessorImpl.invoke0(Native Method)
at java.base/jdk.internal.reflect.NativeMethodAccessorImpl.invoke(NativeMethodAccessorImpl.java:62)
at java.base/jdk.internal.reflect.DelegatingMethodAccessorImpl.invoke(DelegatingMethodAccessorImpl.java:43)
at java.base/java.lang.reflect.Method.invoke(Method.java:564)
at org.testng.internal.MethodInvocationHelper.invokeMethod(MethodInvocationHelper.java:124)
at org.testng.internal.Invoker.invokeMethod(Invoker.java:580)
at org.testng.internal.Invoker.invokeTestMethod(Invoker.java:716)
at org.testng.internal.Invoker.invokeTestMethods(Invoker.java:988)
at org.testng.internal.TestMethodWorker.invokeTestMethods(TestMethodWorker.java:125)
at org.testng.internal.TestMethodWorker.run(TestMethodWorker.java:109)
at org.testng.TestRunner.privateRun(TestRunner.java:648)
at org.testng.TestRunner.run(TestRunner.java:505)
at org.testng.SuiteRunner.runTest(SuiteRunner.java:455)
at org.testng.SuiteRunner.runSequentially(SuiteRunner.java:450)
at org.testng.SuiteRunner.privateRun(SuiteRunner.java:415)
at org.testng.SuiteRunner.run(SuiteRunner.java:364)
at org.testng.SuiteRunnerWorker.runSuite(SuiteRunnerWorker.java:52)
at org.testng.SuiteRunnerWorker.run(SuiteRunnerWorker.java:84)
at org.testng.TestNG.runSuitesSequentially(TestNG.java:1208)
at org.testng.TestNG.runSuitesLocally(TestNG.java:1137)
at org.testng.TestNG.runSuites(TestNG.java:1049)
at org.testng.TestNG.run(TestNG.java:1017)
at org.testng.remote.AbstractRemoteTestNG.run(AbstractRemoteTestNG.java:114)
at org.testng.remote.RemoteTestNG.initAndRun(RemoteTestNG.java:251)
at org.testng.remote.RemoteTestNG.main(RemoteTestNG.java:77)
]]>
            </full-stacktrace>
          </exception> <!-- org.openqa.selenium.ElementNotInteractableException -->
          <reporter-output>
          </reporter-output>
        </test-method> <!-- maintanClass -->
      </class> <!-- com.webtest.demo.MaintainClass -->
      <class name="com.webtest.demo.SetFlowStatistics">
        <test-method signature="setFlow()[pri:0, instance:com.webtest.demo.SetFlowStatistics@e350b40]" started-at="2018-12-05T08:16:49Z" name="setFlow" finished-at="2018-12-05T08:17:01Z" duration-ms="11308" status="PASS">
          <reporter-output>
          </reporter-output>
        </test-method> <!-- setFlow -->
      </class> <!-- com.webtest.demo.SetFlowStatistics -->
      <class name="com.webtest.demo.HandBook">
        <test-method signature="handbook()[pri:0, instance:com.webtest.demo.HandBook@7b36aa0c]" started-at="2018-12-05T08:12:13Z" name="handbook" finished-at="2018-12-05T08:12:47Z" duration-ms="33976" status="PASS">
          <reporter-output>
          </reporter-output>
        </test-method> <!-- handbook -->
      </class> <!-- com.webtest.demo.HandBook -->
      <class name="com.webtest.demo.BearPaw">
        <test-method signature="aclass()[pri:0, instance:com.webtest.demo.BearPaw@51c668e3]" started-at="2018-12-05T08:09:55Z" name="aclass" finished-at="2018-12-05T08:10:16Z" duration-ms="20312" status="PASS">
          <reporter-output>
          </reporter-output>
        </test-method> <!-- aclass -->
      </class> <!-- com.webtest.demo.BearPaw -->
      <class name="com.webtest.demo.FriendlyLink">
        <test-method signature="aclass()[pri:0, instance:com.webtest.demo.FriendlyLink@4a883b15]" started-at="2018-12-05T08:11:26Z" name="aclass" finished-at="2018-12-05T08:11:51Z" duration-ms="25387" status="PASS">
          <reporter-output>
          </reporter-output>
        </test-method> <!-- aclass -->
      </class> <!-- com.webtest.demo.FriendlyLink -->
      <class name="com.webtest.demo.Update">
        <test-method signature="update()[pri:0, instance:com.webtest.demo.Update@6340e5f0]" started-at="2018-12-05T08:18:07Z" name="update" finished-at="2018-12-05T08:18:23Z" duration-ms="15230" status="PASS">
          <reporter-output>
          </reporter-output>
        </test-method> <!-- update -->
      </class> <!-- com.webtest.demo.Update -->
      <class name="com.webtest.demo.Openlogin">
        <test-method signature="openlogin()[pri:0, instance:com.webtest.demo.Openlogin@60099951]" started-at="2018-12-05T08:20:02Z" name="openlogin" finished-at="2018-12-05T08:20:25Z" duration-ms="22553" status="FAIL">
          <exception class="org.openqa.selenium.NoAlertPresentException">
            <message>
              <![CDATA[No modal dialog is currently open
Build info: version: '3.6.0', revision: '6fbf3ec767', time: '2017-09-27T16:15:40.131Z'
System info: host: 'DESKTOP-BCVV7R2', ip: '169.254.216.16', os.name: 'Windows 10', os.arch: 'amd64', os.version: '10.0', java.version: '9.0.4'
Driver info: org.openqa.selenium.firefox.FirefoxDriver
Capabilities [{moz:profile=C:\Users\ASUS\AppData\Local\Temp\rust_mozprofile.1N4HzeUfDczT, rotatable=false, timeouts={implicit=0, pageLoad=300000, script=30000}, pageLoadStrategy=normal, moz:headless=false, platform=XP, specificationLevel=0, moz:accessibilityChecks=false, acceptInsecureCerts=true, browserVersion=56.0, platformVersion=10.0, moz:processID=9232, browserName=firefox, javascriptEnabled=true, platformName=XP}]
Session ID: 67c18029-7125-4eeb-b7ce-49ea5465fa35]]>
            </message>
            <full-stacktrace>
              <![CDATA[org.openqa.selenium.NoAlertPresentException: No modal dialog is currently open
Build info: version: '3.6.0', revision: '6fbf3ec767', time: '2017-09-27T16:15:40.131Z'
System info: host: 'DESKTOP-BCVV7R2', ip: '169.254.216.16', os.name: 'Windows 10', os.arch: 'amd64', os.version: '10.0', java.version: '9.0.4'
Driver info: org.openqa.selenium.firefox.FirefoxDriver
Capabilities [{moz:profile=C:\Users\ASUS\AppData\Local\Temp\rust_mozprofile.1N4HzeUfDczT, rotatable=false, timeouts={implicit=0, pageLoad=300000, script=30000}, pageLoadStrategy=normal, moz:headless=false, platform=XP, specificationLevel=0, moz:accessibilityChecks=false, acceptInsecureCerts=true, browserVersion=56.0, platformVersion=10.0, moz:processID=9232, browserName=firefox, javascriptEnabled=true, platformName=XP}]
Session ID: 67c18029-7125-4eeb-b7ce-49ea5465fa35
at java.base/jdk.internal.reflect.NativeConstructorAccessorImpl.newInstance0(Native Method)
at java.base/jdk.internal.reflect.NativeConstructorAccessorImpl.newInstance(NativeConstructorAccessorImpl.java:62)
at java.base/jdk.internal.reflect.DelegatingConstructorAccessorImpl.newInstance(DelegatingConstructorAccessorImpl.java:45)
at java.base/java.lang.reflect.Constructor.newInstance(Constructor.java:488)
at org.openqa.selenium.remote.http.W3CHttpResponseCodec.createException(W3CHttpResponseCodec.java:185)
at org.openqa.selenium.remote.http.W3CHttpResponseCodec.decode(W3CHttpResponseCodec.java:120)
at org.openqa.selenium.remote.http.W3CHttpResponseCodec.decode(W3CHttpResponseCodec.java:49)
at org.openqa.selenium.remote.HttpCommandExecutor.execute(HttpCommandExecutor.java:164)
at org.openqa.selenium.remote.service.DriverCommandExecutor.execute(DriverCommandExecutor.java:83)
at org.openqa.selenium.remote.RemoteWebDriver.execute(RemoteWebDriver.java:586)
at org.openqa.selenium.remote.RemoteWebDriver.execute(RemoteWebDriver.java:643)
at org.openqa.selenium.remote.RemoteWebDriver$RemoteTargetLocator.alert(RemoteWebDriver.java:972)
at com.webtest.core.WebDriverEngine.getAlert(WebDriverEngine.java:211)
at com.webtest.core.WebDriverEngine.alertAccept(WebDriverEngine.java:240)
at com.webtest.demo.Openlogin.openlogin(Openlogin.java:64)
at java.base/jdk.internal.reflect.NativeMethodAccessorImpl.invoke0(Native Method)
at java.base/jdk.internal.reflect.NativeMethodAccessorImpl.invoke(NativeMethodAccessorImpl.java:62)
at java.base/jdk.internal.reflect.DelegatingMethodAccessorImpl.invoke(DelegatingMethodAccessorImpl.java:43)
at java.base/java.lang.reflect.Method.invoke(Method.java:564)
at org.testng.internal.MethodInvocationHelper.invokeMethod(MethodInvocationHelper.java:124)
at org.testng.internal.Invoker.invokeMethod(Invoker.java:580)
at org.testng.internal.Invoker.invokeTestMethod(Invoker.java:716)
at org.testng.internal.Invoker.invokeTestMethods(Invoker.java:988)
at org.testng.internal.TestMethodWorker.invokeTestMethods(TestMethodWorker.java:125)
at org.testng.internal.TestMethodWorker.run(TestMethodWorker.java:109)
at org.testng.TestRunner.privateRun(TestRunner.java:648)
at org.testng.TestRunner.run(TestRunner.java:505)
at org.testng.SuiteRunner.runTest(SuiteRunner.java:455)
at org.testng.SuiteRunner.runSequentially(SuiteRunner.java:450)
at org.testng.SuiteRunner.privateRun(SuiteRunner.java:415)
at org.testng.SuiteRunner.run(SuiteRunner.java:364)
at org.testng.SuiteRunnerWorker.runSuite(SuiteRunnerWorker.java:52)
at org.testng.SuiteRunnerWorker.run(SuiteRunnerWorker.java:84)
at org.testng.TestNG.runSuitesSequentially(TestNG.java:1208)
at org.testng.TestNG.runSuitesLocally(TestNG.java:1137)
at org.testng.TestNG.runSuites(TestNG.java:1049)
at org.testng.TestNG.run(TestNG.java:1017)
at org.testng.remote.AbstractRemoteTestNG.run(AbstractRemoteTestNG.java:114)
at org.testng.remote.RemoteTestNG.initAndRun(RemoteTestNG.java:251)
at org.testng.remote.RemoteTestNG.main(RemoteTestNG.java:77)
]]>
            </full-stacktrace>
          </exception> <!-- org.openqa.selenium.NoAlertPresentException -->
          <reporter-output>
          </reporter-output>
        </test-method> <!-- openlogin -->
      </class> <!-- com.webtest.demo.Openlogin -->
      <class name="com.webtest.demo.AddStyle">
        <test-method signature="addStyle()[pri:0, instance:com.webtest.demo.AddStyle@2e3967ea]" started-at="2018-12-05T08:08:41Z" name="addStyle" finished-at="2018-12-05T08:09:00Z" duration-ms="18623" status="PASS">
          <reporter-output>
          </reporter-output>
        </test-method> <!-- addStyle -->
      </class> <!-- com.webtest.demo.AddStyle -->
      <class name="com.webtest.demo.SetDesignList">
        <test-method signature="setDesignList()[pri:0, instance:com.webtest.demo.SetDesignList@38cee291]" started-at="2018-12-05T08:16:03Z" name="setDesignList" finished-at="2018-12-05T08:16:27Z" duration-ms="23967" status="PASS">
          <reporter-output>
          </reporter-output>
        </test-method> <!-- setDesignList -->
      </class> <!-- com.webtest.demo.SetDesignList -->
      <class name="com.webtest.demo.AddBlacklist">
        <test-method signature="addblist()[pri:0, instance:com.webtest.demo.AddBlacklist@13e344d]" started-at="2018-12-05T08:18:41Z" name="addblist" finished-at="2018-12-05T08:19:04Z" duration-ms="23146" status="PASS">
          <reporter-output>
          </reporter-output>
        </test-method> <!-- addblist -->
      </class> <!-- com.webtest.demo.AddBlacklist -->
      <class name="com.webtest.demo.Product">
        <test-method signature="product()[pri:0, instance:com.webtest.demo.Product@65c7a252]" started-at="2018-12-05T08:14:01Z" name="product" finished-at="2018-12-05T08:14:31Z" duration-ms="29959" status="PASS">
          <reporter-output>
          </reporter-output>
        </test-method> <!-- product -->
      </class> <!-- com.webtest.demo.Product -->
      <class name="com.webtest.demo.Expressage">
        <test-method signature="expressage()[pri:0, instance:com.webtest.demo.Expressage@1c7696c6]" started-at="2018-12-05T08:19:47Z" name="expressage" finished-at="2018-12-05T08:20:02Z" duration-ms="14666" status="PASS">
          <reporter-output>
          </reporter-output>
        </test-method> <!-- expressage -->
      </class> <!-- com.webtest.demo.Expressage -->
      <class name="com.webtest.demo.AddCompanyAddress">
        <test-method signature="addAddress()[pri:0, instance:com.webtest.demo.AddCompanyAddress@60bd273d]" started-at="2018-12-05T08:07:01Z" name="addAddress" finished-at="2018-12-05T08:07:18Z" duration-ms="17430" status="PASS">
          <reporter-output>
            <line>
              <![CDATA[设置联系方式]]>
            </line>
          </reporter-output>
        </test-method> <!-- addAddress -->
      </class> <!-- com.webtest.demo.AddCompanyAddress -->
      <class name="com.webtest.demo.Admin_Login_Cz">
        <test-method is-config="true" signature="doBeforeSuite()[pri:0, instance:com.webtest.demo.Admin_Login_Cz@942a29c]" started-at="2018-12-05T08:04:08Z" name="doBeforeSuite" finished-at="2018-12-05T08:04:55Z" duration-ms="47408" status="PASS">
          <reporter-output>
          </reporter-output>
        </test-method> <!-- doBeforeSuite -->
        <test-method signature="adminlogin(java.lang.String, java.lang.String)[pri:0, instance:com.webtest.demo.Admin_Login_Cz@942a29c]" started-at="2018-12-05T08:04:59Z" name="adminlogin" data-provider="excel" finished-at="2018-12-05T08:05:12Z" duration-ms="13535" status="PASS">
          <params>
            <param index="0">
              <value>
                <![CDATA[yinlu]]>
              </value>
            </param>
            <param index="1">
              <value>
                <![CDATA[123456]]>
              </value>
            </param>
          </params>
          <reporter-output>
          </reporter-output>
        </test-method> <!-- adminlogin -->
        <test-method is-config="true" signature="doAfterMethod()[pri:0, instance:com.webtest.demo.Admin_Login_Cz@942a29c]" started-at="2018-12-05T08:20:30Z" name="doAfterMethod" finished-at="2018-12-05T08:20:35Z" duration-ms="4221" status="PASS">
          <reporter-output>
          </reporter-output>
        </test-method> <!-- doAfterMethod -->
      </class> <!-- com.webtest.demo.Admin_Login_Cz -->
      <class name="com.webtest.demo.AddContent">
        <test-method signature="aclass()[pri:0, instance:com.webtest.demo.AddContent@121314f7]" started-at="2018-12-05T08:07:18Z" name="aclass" finished-at="2018-12-05T08:07:53Z" duration-ms="34782" status="PASS">
          <reporter-output>
          </reporter-output>
        </test-method> <!-- aclass -->
      </class> <!-- com.webtest.demo.AddContent -->
      <class name="com.webtest.demo.SiteSetting">
        <test-method signature="site()[pri:0, instance:com.webtest.demo.SiteSetting@2794eab6]" started-at="2018-12-05T08:17:45Z" name="site" finished-at="2018-12-05T08:18:07Z" duration-ms="22550" status="PASS">
          <reporter-output>
          </reporter-output>
        </test-method> <!-- site -->
      </class> <!-- com.webtest.demo.SiteSetting -->
      <class name="com.webtest.demo.SetCache">
        <test-method signature="setCache()[pri:0, instance:com.webtest.demo.SetCache@791f145a]" started-at="2018-12-05T08:15:45Z" name="setCache" finished-at="2018-12-05T08:16:03Z" duration-ms="17796" status="PASS">
          <reporter-output>
          </reporter-output>
        </test-method> <!-- setCache -->
      </class> <!-- com.webtest.demo.SetCache -->
      <class name="com.webtest.demo.Language">
        <test-method signature="language()[pri:0, instance:com.webtest.demo.Language@537f60bf]" started-at="2018-12-05T08:12:56Z" name="language" finished-at="2018-12-05T08:13:21Z" duration-ms="24959" status="PASS">
          <reporter-output>
          </reporter-output>
        </test-method> <!-- language -->
      </class> <!-- com.webtest.demo.Language -->
      <class name="com.webtest.demo.BatchSubmission">
        <test-method signature="member()[pri:0, instance:com.webtest.demo.BatchSubmission@6fdbe764]" started-at="2018-12-05T08:09:39Z" name="member" finished-at="2018-12-05T08:09:55Z" duration-ms="16896" status="PASS">
          <reporter-output>
          </reporter-output>
        </test-method> <!-- member -->
      </class> <!-- com.webtest.demo.BatchSubmission -->
      <class name="com.webtest.demo.AriticalClass">
        <test-method signature="aclass()[pri:0, instance:com.webtest.demo.AriticalClass@4d5650ae]" started-at="2018-12-05T08:09:04Z" name="aclass" finished-at="2018-12-05T08:09:19Z" duration-ms="15374" status="PASS">
          <reporter-output>
          </reporter-output>
        </test-method> <!-- aclass -->
      </class> <!-- com.webtest.demo.AriticalClass -->
      <class name="com.webtest.demo.SetDesignThumbnail">
        <test-method signature="setDesignThumbmail()[pri:0, instance:com.webtest.demo.SetDesignThumbnail@4b45a2f5]" started-at="2018-12-05T08:16:27Z" name="setDesignThumbmail" finished-at="2018-12-05T08:16:42Z" duration-ms="14817" status="PASS">
          <reporter-output>
          </reporter-output>
        </test-method> <!-- setDesignThumbmail -->
      </class> <!-- com.webtest.demo.SetDesignThumbnail -->
      <class name="com.webtest.demo.Credit">
        <test-method signature="credit()[pri:0, instance:com.webtest.demo.Credit@52719fb6]" started-at="2018-12-05T08:10:53Z" name="credit" finished-at="2018-12-05T08:11:10Z" duration-ms="17064" status="PASS">
          <reporter-output>
          </reporter-output>
        </test-method> <!-- credit -->
      </class> <!-- com.webtest.demo.Credit -->
      <class name="com.webtest.demo.AddCss">
        <test-method signature="addCss()[pri:0, instance:com.webtest.demo.AddCss@130c12b7]" started-at="2018-12-05T08:07:53Z" name="addCss" finished-at="2018-12-05T08:08:12Z" duration-ms="18598" status="PASS">
          <reporter-output>
          </reporter-output>
        </test-method> <!-- addCss -->
      </class> <!-- com.webtest.demo.AddCss -->
      <class name="com.webtest.demo.CDN">
        <test-method signature="cdn()[pri:0, instance:com.webtest.demo.CDN@6221a451]" started-at="2018-12-05T08:10:35Z" name="cdn" finished-at="2018-12-05T08:10:53Z" duration-ms="18526" status="PASS">
          <reporter-output>
          </reporter-output>
        </test-method> <!-- cdn -->
      </class> <!-- com.webtest.demo.CDN -->
      <class name="com.webtest.demo.AddCompanyMessage">
        <test-method signature="addMessage()[pri:0, instance:com.webtest.demo.AddCompanyMessage@4f80542f]" started-at="2018-12-05T08:06:33Z" name="addMessage" finished-at="2018-12-05T08:07:01Z" duration-ms="28130" status="PASS">
          <reporter-output>
          </reporter-output>
        </test-method> <!-- addMessage -->
      </class> <!-- com.webtest.demo.AddCompanyMessage -->
    </test> <!-- test1 -->
  </suite> <!-- s1 -->
</testng-results>
